<?xml version="1.0" encoding="UTF-8"?>
<!-- Generated by org.testng.reporters.JUnitReportReporter -->
<testsuite hostname="DESKTOP-CTTAHL6" failures="0" tests="2" name="com.orange.testCasesOrange.LoginPageTest" time="15.445" errors="0" timestamp="2024-12-17T12:51:47 IST" skipped="0">
  <testcase classname="com.orange.testCasesOrange.LoginPageTest" name="loginTest" time="9.428"/>
  <testcase classname="com.orange.testCasesOrange.LoginPageTest" name="loginTest" time="6.017"/>
</testsuite> <!-- com.orange.testCasesOrange.LoginPageTest -->
