<?xml version="1.0" encoding="UTF-8"?>
<!-- Generated by org.testng.reporters.JUnitReportReporter -->
<testsuite hostname="DESKTOP-CTTAHL6" failures="0" tests="2" name="com.orange.testCasesOrange.DashboardTest" time="14.149" errors="0" timestamp="2024-12-14T23:53:30 IST" skipped="0">
  <testcase classname="com.orange.testCasesOrange.DashboardTest" name="DashBooardOpened" time="7.409"/>
  <testcase classname="com.orange.testCasesOrange.DashboardTest" name="DashBooardOpened" time="6.740"/>
</testsuite> <!-- com.orange.testCasesOrange.DashboardTest -->
