<?xml version="1.0" encoding="UTF-8"?>
<!-- Generated by org.testng.reporters.JUnitReportReporter -->
<testsuite hostname="DESKTOP-CTTAHL6" failures="0" tests="2" name="com.orange.testCasesOrange.LoginPageTest" time="36.352" errors="0" timestamp="2024-12-08T03:10:09 IST" skipped="0">
  <testcase classname="com.orange.testCasesOrange.LoginPageTest" name="loginTest" time="28.703"/>
  <testcase classname="com.orange.testCasesOrange.LoginPageTest" name="loginTest" time="7.649"/>
</testsuite> <!-- com.orange.testCasesOrange.LoginPageTest -->
