<?xml version="1.0" encoding="UTF-8"?>
<!-- Generated by org.testng.reporters.JUnitReportReporter -->
<testsuite hostname="DESKTOP-CTTAHL6" failures="0" tests="2" name="com.orange.testCasesOrange.AdminPageTest" time="15.711" errors="0" timestamp="2024-12-14T23:53:30 IST" skipped="0">
  <testcase classname="com.orange.testCasesOrange.AdminPageTest" name="AdminIsOpen" time="7.678"/>
  <testcase classname="com.orange.testCasesOrange.AdminPageTest" name="AdminIsOpen" time="8.033"/>
</testsuite> <!-- com.orange.testCasesOrange.AdminPageTest -->
